{"uuid":"4c6165fa-83fd-41e5-b339-03dc687f7558","historyId":"3750b86783f60c8a3383dfb38b8448bc","fullName":"TestRepo.Nav_Recruitment_Testcases.RecruitmentDetails","labels":[{"name":"package","value":"TestRepo.Nav_Recruitment_Testcases"},{"name":"testClass","value":"TestRepo.Nav_Recruitment_Testcases"},{"name":"testMethod","value":"RecruitmentDetails"},{"name":"parentSuite","value":"Default suite"},{"name":"suite","value":"Default test"},{"name":"subSuite","value":"TestRepo.Nav_Recruitment_Testcases"},{"name":"host","value":"DESKTOP-3EP6P31"},{"name":"thread","value":"16632@DESKTOP-3EP6P31.main(1)"},{"name":"framework","value":"testng"},{"name":"language","value":"java"}],"links":[],"name":"RecruitmentDetails","status":"broken","statusDetails":{"known":false,"muted":false,"flaky":false,"message":"Expected condition failed: waiting for presence of element located by: By.xpath: //div[@class='orangehrm-login-error']//p[1] (tried for 20 second(s) with 500 milliseconds interval)","trace":"org.openqa.selenium.TimeoutException: Expected condition failed: waiting for presence of element located by: By.xpath: //div[@class='orangehrm-login-error']//p[1] (tried for 20 second(s) with 500 milliseconds interval)\r\n\tat org.openqa.selenium.support.ui.WebDriverWait.timeoutException(WebDriverWait.java:84)\r\n\tat org.openqa.selenium.support.ui.FluentWait.until(FluentWait.java:228)\r\n\tat PageObjectRepo.LoginPage.send_USERNAME_PASSWORD(LoginPage.java:35)\r\n\tat BusinessRepo.LoginBusiness.send_USERNAME_AND_PASSWORD(LoginBusiness.java:17)\r\n\tat TestRepo.Nav_Recruitment_Testcases.RecruitmentDetails(Nav_Recruitment_Testcases.java:25)\r\n\tat java.base/jdk.internal.reflect.NativeMethodAccessorImpl.invoke0(Native Method)\r\n\tat java.base/jdk.internal.reflect.NativeMethodAccessorImpl.invoke(NativeMethodAccessorImpl.java:77)\r\n\tat java.base/jdk.internal.reflect.DelegatingMethodAccessorImpl.invoke(DelegatingMethodAccessorImpl.java:43)\r\n\tat java.base/java.lang.reflect.Method.invoke(Method.java:568)\r\n\tat org.testng.internal.invokers.MethodInvocationHelper.invokeMethod(MethodInvocationHelper.java:139)\r\n\tat org.testng.internal.invokers.TestInvoker.invokeMethod(TestInvoker.java:664)\r\n\tat org.testng.internal.invokers.TestInvoker.invokeTestMethod(TestInvoker.java:228)\r\n\tat org.testng.internal.invokers.MethodRunner.runInSequence(MethodRunner.java:63)\r\n\tat org.testng.internal.invokers.TestInvoker$MethodInvocationAgent.invoke(TestInvoker.java:961)\r\n\tat org.testng.internal.invokers.TestInvoker.invokeTestMethods(TestInvoker.java:201)\r\n\tat org.testng.internal.invokers.TestMethodWorker.invokeTestMethods(TestMethodWorker.java:148)\r\n\tat org.testng.internal.invokers.TestMethodWorker.run(TestMethodWorker.java:128)\r\n\tat java.base/java.util.ArrayList.forEach(ArrayList.java:1511)\r\n\tat org.testng.TestRunner.privateRun(TestRunner.java:819)\r\n\tat org.testng.TestRunner.run(TestRunner.java:619)\r\n\tat org.testng.SuiteRunner.runTest(SuiteRunner.java:443)\r\n\tat org.testng.SuiteRunner.runSequentially(SuiteRunner.java:437)\r\n\tat org.testng.SuiteRunner.privateRun(SuiteRunner.java:397)\r\n\tat org.testng.SuiteRunner.run(SuiteRunner.java:336)\r\n\tat org.testng.SuiteRunnerWorker.runSuite(SuiteRunnerWorker.java:52)\r\n\tat org.testng.SuiteRunnerWorker.run(SuiteRunnerWorker.java:95)\r\n\tat org.testng.TestNG.runSuitesSequentially(TestNG.java:1301)\r\n\tat org.testng.TestNG.runSuitesLocally(TestNG.java:1228)\r\n\tat org.testng.TestNG.runSuites(TestNG.java:1134)\r\n\tat org.testng.TestNG.run(TestNG.java:1101)\r\n\tat org.testng.remote.AbstractRemoteTestNG.run(AbstractRemoteTestNG.java:115)\r\n\tat org.testng.remote.RemoteTestNG.initAndRun(RemoteTestNG.java:251)\r\n\tat org.testng.remote.RemoteTestNG.main(RemoteTestNG.java:77)\r\nCaused by: org.openqa.selenium.NoSuchWindowException: no such window: target window already closed\nfrom unknown error: web view not found\n  (Session info: chrome=120.0.6099.225)\nBuild info: version: '4.17.0', revision: 'e52b1be057*'\nSystem info: os.name: 'Windows 10', os.arch: 'amd64', os.version: '10.0', java.version: '17.0.9'\nDriver info: org.openqa.selenium.chrome.ChromeDriver\nCommand: [6de4b3979a85a3795695a2517ad3089a, findElement {using=xpath, value=//div[@class='orangehrm-login-error']//p[1]}]\nCapabilities {acceptInsecureCerts: false, browserName: chrome, browserVersion: 120.0.6099.225, chrome: {chromedriverVersion: 120.0.6099.109 (3419140ab66..., userDataDir: C:\\Users\\HP\\AppData\\Local\\T...}, fedcm:accounts: true, goog:chromeOptions: {debuggerAddress: localhost:57879}, networkConnectionEnabled: false, pageLoadStrategy: normal, platformName: windows, proxy: Proxy(), se:cdp: ws://localhost:57879/devtoo..., se:cdpVersion: 120.0.6099.225, setWindowRect: true, strictFileInteractability: false, timeouts: {implicit: 0, pageLoad: 300000, script: 30000}, unhandledPromptBehavior: dismiss and notify, webauthn:extension:credBlob: true, webauthn:extension:largeBlob: true, webauthn:extension:minPinLength: true, webauthn:extension:prf: true, webauthn:virtualAuthenticators: true}\nSession ID: 6de4b3979a85a3795695a2517ad3089a\r\n\tat jdk.internal.reflect.GeneratedConstructorAccessor12.newInstance(Unknown Source)\r\n\tat java.base/jdk.internal.reflect.DelegatingConstructorAccessorImpl.newInstance(DelegatingConstructorAccessorImpl.java:45)\r\n\tat java.base/java.lang.reflect.Constructor.newInstanceWithCaller(Constructor.java:499)\r\n\tat java.base/java.lang.reflect.Constructor.newInstance(Constructor.java:480)\r\n\tat org.openqa.selenium.remote.codec.w3c.W3CHttpResponseCodec.createException(W3CHttpResponseCodec.java:185)\r\n\tat org.openqa.selenium.remote.codec.w3c.W3CHttpResponseCodec.decode(W3CHttpResponseCodec.java:134)\r\n\tat org.openqa.selenium.remote.codec.w3c.W3CHttpResponseCodec.decode(W3CHttpResponseCodec.java:51)\r\n\tat org.openqa.selenium.remote.HttpCommandExecutor.execute(HttpCommandExecutor.java:190)\r\n\tat org.openqa.selenium.remote.service.DriverCommandExecutor.invokeExecute(DriverCommandExecutor.java:216)\r\n\tat org.openqa.selenium.remote.service.DriverCommandExecutor.execute(DriverCommandExecutor.java:174)\r\n\tat org.openqa.selenium.remote.RemoteWebDriver.execute(RemoteWebDriver.java:519)\r\n\tat org.openqa.selenium.remote.ElementLocation$ElementFinder$2.findElement(ElementLocation.java:165)\r\n\tat org.openqa.selenium.remote.ElementLocation.findElement(ElementLocation.java:59)\r\n\tat org.openqa.selenium.remote.RemoteWebDriver.findElement(RemoteWebDriver.java:356)\r\n\tat org.openqa.selenium.remote.RemoteWebDriver.findElement(RemoteWebDriver.java:350)\r\n\tat org.openqa.selenium.support.ui.ExpectedConditions$6.apply(ExpectedConditions.java:171)\r\n\tat org.openqa.selenium.support.ui.ExpectedConditions$6.apply(ExpectedConditions.java:168)\r\n\tat org.openqa.selenium.support.ui.FluentWait.until(FluentWait.java:203)\r\n\t... 31 more\r\n"},"stage":"finished","steps":[],"attachments":[],"parameters":[],"start":1706596390848,"stop":1706596411064}